ogECD170405a.CHR	00/00/0000	00:00:00
ogECD170405a01.CHR	04/05/2017	09:49:33	"Air"	0.550	812.8540	291.144	""	52.0	"Nitrous Oxide"	1.366	0.3200	0.096	""	8.5	"Nitrous Oxide"	1.616	30.0570	5.729	""	24.0
ogECD170405a02.CHR	04/05/2017	09:55:10	"Air"	0.541	716.0540	266.824	""	52.5	"Nitrous Oxide"	1.366	0.3440	0.103	""	8.0	"Nitrous Oxide"	1.608	33.8800	6.429	""	22.5
ogECD170405a03.CHR	04/05/2017	10:07:05	"Air"	0.541	564.2880	217.222	""	52.0	"Nitrous Oxide"	1.375	0.4460	0.139	""	8.5	"Nitrous Oxide"	1.608	40.7750	7.780	""	25.0
ogECD170405a04.CHR	04/05/2017	10:38:22	"Air"	0.541	442.3920	185.602	""	42.5	"Nitrous Oxide"	1.358	0.4080	0.105	""	6.5	"Nitrous Oxide"	1.608	48.3785	9.192	""	22.5
ogECD170405a05.CHR	04/05/2017	10:42:48	"Air"	0.541	544.7680	216.613	""	19.0	"Air"	0.850	3.1770	0.019	""	31.0	"Nitrous Oxide"	1.408	0.8920	0.227	""	9.0	"Nitrous Oxide"	1.658	57.5575	10.506	""	28.5
ogECD170405a06.CHR	04/05/2017	11:07:15	"Air"	0.525	445.7560	195.137	""	44.5	"Nitrous Oxide"	1.566	52.7885	10.220	""	25.5
ogECD170405a07.CHR	04/05/2017	11:12:03	"Air"	0.533	424.6685	184.366	""	51.5	"Nitrous Oxide"	1.575	55.2045	10.683	""	22.5
ogECD170405a08.CHR	04/05/2017	11:23:40	"Air"	0.525	381.9220	170.420	""	45.0	"Nitrous Oxide"	1.566	56.6770	11.112	""	24.0
ogECD170405a09.CHR	04/05/2017	11:28:35	"Air"	0.516	347.8175	162.952	""	45.5	"Nitrous Oxide"	1.550	57.4980	11.173	""	26.5
ogECD170405a10.CHR	04/05/2017	11:32:00	"Air"	0.516	220.5380	112.968	""	37.0	"Nitrous Oxide"	1.550	59.3890	11.592	""	23.5
ogECD170405a11.CHR	04/05/2017	11:38:04	"Air"	0.516	398.1760	178.897	""	44.0	"Nitrous Oxide"	1.558	60.1905	11.649	""	24.5
ogECD170405a12.CHR	04/05/2017	11:42:13	"Air"	0.516	317.6820	147.874	""	39.0	"Nitrous Oxide"	1.558	61.2040	11.847	""	24.5
ogECD170405a13.CHR	04/05/2017	11:48:19	"Air"	0.516	433.6400	188.031	""	48.0	"Nitrous Oxide"	1.558	61.1925	11.823	""	23.5
ogECD170405a14.CHR	04/05/2017	11:54:17	"Air"	0.525	428.8750	183.189	""	49.0	"Nitrous Oxide"	1.566	61.7450	11.879	""	25.0
ogECD170405a15.CHR	04/05/2017	12:08:10	"Air"	0.525	1013.3850	348.387	""	48.0	"Nitrous Oxide"	1.558	58.8905	11.372	""	24.5
ogECD170405a16.CHR	04/05/2017	12:12:10	"Air"	0.533	1121.2075	392.134	""	14.5	"Nitrous Oxide"	1.566	65.6470	12.801	""	33.0
ogECD170405a17.CHR	04/05/2017	12:15:52	"Air"	0.541	1717.2270	523.020	""	15.0	"Nitrous Oxide"	1.566	61.6240	12.103	""	43.5
ogECD170405a18.CHR	04/05/2017	12:19:59	"Air"	0.533	1064.1460	373.423	""	14.0	"Air"	0.741	0.1000	0.012	""	8.5	"Air"	0.891	0.2825	0.004	""	22.5	"Nitrous Oxide"	1.566	68.0015	13.406	""	27.5	"Nitrous Oxide"	1.925	0.1050	0.017	""	10.0
ogECD170405a19.CHR	04/05/2017	12:24:24	"Air"	0.533	1225.4060	421.102	""	14.0	"Air"	0.741	0.1330	0.007	""	9.5	"Nitrous Oxide"	1.566	76.9810	15.027	""	48.5
ogECD170405a20.CHR	04/05/2017	12:28:01	"Air"	0.533	1348.4085	452.183	""	13.5	"Air"	0.750	0.1300	0.009	""	10.0	"Nitrous Oxide"	1.566	87.2610	17.059	""	49.0
ogECD170405a21.CHR	04/05/2017	12:31:56	"Air"	0.525	766.6680	303.566	""	13.0	"Air"	0.700	5.6500	0.010	""	44.5	"Nitrous Oxide"	1.558	61.8950	12.212	""	35.5
ogECD170405a22.CHR	04/05/2017	12:35:47	"Air"	0.533	984.3700	366.290	""	14.0	"Air"	0.683	6.1130	0.000	""	45.0	"Nitrous Oxide"	1.566	71.8830	14.256	""	36.0
ogECD170405a23.CHR	04/05/2017	12:39:28	"Air"	0.541	1565.1670	501.090	""	15.0	"Air"	0.725	3.9860	0.000	""	40.0	"Nitrous Oxide"	1.566	80.4940	15.771	""	47.5
ogECD170405a24.CHR	04/05/2017	12:43:11	"Air"	0.533	1247.9650	425.783	""	14.5	"Air"	0.725	3.9720	0.000	""	40.0	"Nitrous Oxide"	1.566	93.6350	18.573	""	48.0
ogECD170405a25.CHR	04/05/2017	12:46:28	"Air"	0.525	605.2560	253.764	""	56.0	"Nitrous Oxide"	1.566	50.1195	9.836	""	40.5
ogECD170405a26.CHR	04/05/2017	12:49:57	"Air"	0.533	995.4280	351.134	""	15.0	"Air"	0.758	0.1460	0.019	""	9.0	"Nitrous Oxide"	1.566	117.6720	23.070	""	27.0
ogECD170405a27.CHR	04/05/2017	12:53:37	"Air"	0.533	903.6710	332.260	""	16.0	"Air"	0.733	0.3065	0.016	""	14.5	"Nitrous Oxide"	1.566	137.2590	26.895	""	48.5
ogECD170405a28.CHR	04/05/2017	13:22:01	"Air"	0.525	590.9360	229.673	""	44.0	"Nitrous Oxide"	1.566	105.2800	20.630	""	27.0
ogECD170405a29.CHR	04/05/2017	13:25:35	"Air"	0.533	757.1845	286.195	""	15.5	"Air"	0.725	0.2285	0.013	""	12.5	"Nitrous Oxide"	1.566	115.2410	22.562	""	37.0
ogECD170405a30.CHR	04/05/2017	13:30:03	"Air"	0.550	2072.8380	537.355	""	20.5	"Nitrous Oxide"	1.566	79.0720	15.533	""	28.0
ogECD170405a31.CHR	04/05/2017	13:33:21	"Air"	0.525	610.9590	240.315	""	58.0	"Nitrous Oxide"	1.566	135.3250	26.657	""	28.0	"Nitrous Oxide"	1.916	0.4380	0.018	""	21.0
ogECD170405a32.CHR	04/05/2017	13:37:06	"Air"	0.525	860.1985	303.136	""	28.5	"Nitrous Oxide"	1.566	143.0630	28.020	""	32.0
ogECD170405a33.CHR	04/05/2017	13:40:08	"Air"	0.533	1142.5630	380.419	""	29.0	"Nitrous Oxide"	1.566	151.5590	29.867	""	25.5
ogECD170405a34.CHR	04/05/2017	14:49:07	"Air"	0.533	625.1140	230.929	""	47.0	"Nitrous Oxide"	1.575	109.9980	21.292	""	35.5
ogECD170405a35.CHR	04/05/2017	14:52:30	"Air"	0.533	675.2820	254.900	""	34.0	"Nitrous Oxide"	1.575	126.1210	24.438	""	47.5
ogECD170405a36.CHR	04/05/2017	14:55:57	"Air"	0.533	467.6885	188.680	""	59.5	"Nitrous Oxide"	1.575	49.6410	9.648	""	33.0
ogECD170405a37.CHR	04/05/2017	14:59:34	"Air"	0.541	1251.9040	376.849	""	31.0	"Nitrous Oxide"	1.575	120.4465	23.436	""	26.5
ogECD170405a38.CHR	04/05/2017	15:03:09	"Air"	0.541	1460.8015	420.681	""	30.5	"Nitrous Oxide"	1.575	91.5630	17.951	""	33.0
ogECD170405a39.CHR	04/05/2017	15:06:11	"Air"	0.533	974.3830	332.220	""	31.0	"Nitrous Oxide"	1.566	118.8570	23.282	""	31.0
ogECD170405a40.CHR	04/05/2017	15:10:56	"Air"	0.541	1213.9890	374.699	""	33.0	"Nitrous Oxide"	1.575	120.1250	23.571	""	30.0
ogECD170405a41.CHR	04/05/2017	15:14:13	"Air"	0.541	806.5140	289.718	""	33.5	"Nitrous Oxide"	1.583	137.4545	26.848	""	27.5
ogECD170405a42.CHR	04/05/2017	15:17:43	"Air"	0.533	885.3135	309.493	""	34.5	"Nitrous Oxide"	1.575	150.7860	29.449	""	32.5
ogECD170405a43.CHR	04/05/2017	15:20:34	"Air"	0.550	2038.9620	530.430	""	51.0	"Nitrous Oxide"	1.575	114.7920	22.356	""	38.0
ogECD170405a44.CHR	04/05/2017	15:23:42	"Air"	0.541	1203.8770	376.475	""	34.0	"Nitrous Oxide"	1.575	305.1075	59.029	""	36.5
ogECD170405a45.CHR	04/05/2017	15:26:45	"Air"	0.533	839.1120	298.854	""	33.0	"Nitrous Oxide"	1.575	358.3490	69.036	""	35.0
ogECD170405a46.CHR	04/05/2017	15:30:39	"Air"	0.533	716.9480	265.216	""	33.5	"Nitrous Oxide"	1.575	394.7510	75.691	""	48.5
ogECD170405a47.CHR	04/05/2017	15:33:21	"Air"	0.525	401.8920	182.257	""	56.5	"Nitrous Oxide"	1.575	52.8035	10.297	""	43.5
ogECD170405a48.CHR	04/05/2017	15:36:20	"Air"	0.525	657.7860	241.657	""	39.5	"Nitrous Oxide"	1.575	46.9660	9.198	""	24.0
ogECD170405a49.CHR	04/05/2017	15:39:14	"Air"	0.533	776.8140	286.955	""	51.0	"Nitrous Oxide"	1.575	55.5340	10.970	""	25.0
ogECD170405a50.CHR	04/05/2017	15:42:13	"Air"	0.541	1339.7635	411.570	""	46.5	"Nitrous Oxide"	1.575	57.7800	11.405	""	25.0
ogECD170405a51.CHR	04/05/2017	15:55:16	"Air"	0.525	296.9630	130.969	""	40.0	"Nitrous Oxide"	1.583	54.6200	10.544	""	25.5
ogECD170405a52.CHR	04/06/2017	07:14:36	"Air"	0.525	249.0190	115.427	""	39.5	"Nitrous Oxide"	1.583	54.1090	10.335	""	27.0
ogECD170405a53.CHR	04/06/2017	07:19:16	"Air"	0.525	205.0270	96.750	""	51.0	"Nitrous Oxide"	1.583	56.1585	10.729	""	24.5
ogECD170405a54.CHR	04/06/2017	07:23:24	"Air"	0.525	225.6730	106.872	""	43.0	"Nitrous Oxide"	1.583	55.5550	10.640	""	23.5
ogECD170405a55.CHR	04/06/2017	07:27:43	"Air"	0.533	194.0325	94.275	""	37.5	"Nitrous Oxide"	1.358	0.4285	0.134	""	5.5	"Nitrous Oxide"	1.591	56.9595	10.881	""	25.5
ogECD170405a56.CHR	04/06/2017	07:32:31	"Air"	0.533	182.0170	87.649	""	51.0	"Nitrous Oxide"	1.591	57.4390	10.959	""	23.5
ogECD170405a57.CHR	04/06/2017	07:36:42	"Air"	0.525	223.0905	105.764	""	18.5	"Air"	0.783	0.1300	0.016	""	8.5	"Nitrous Oxide"	1.583	57.8030	11.062	""	24.5
ogECD170405a58.CHR	04/06/2017	07:41:38	"Air"	0.541	1125.1270	334.977	""	51.0	"Nitrous Oxide"	1.583	61.6160	11.752	""	31.0
ogECD170405a59.CHR	04/06/2017	07:45:32	"Air"	0.533	799.0320	280.060	""	46.5	"Nitrous Oxide"	1.583	94.3450	18.230	""	31.5
ogECD170405a60.CHR	04/06/2017	07:49:00	"Air"	0.533	617.8270	238.911	""	39.0	"Nitrous Oxide"	1.583	130.5175	25.340	""	26.5
ogECD170405a61.CHR	04/06/2017	07:52:41	"Air"	0.533	631.7900	240.230	""	51.0	"Nitrous Oxide"	1.583	59.9960	11.635	""	29.0
ogECD170405a62.CHR	04/06/2017	07:55:56	"Air"	0.541	739.6060	274.202	""	51.0	"Nitrous Oxide"	1.591	70.2875	13.654	""	25.5
ogECD170405a63.CHR	04/06/2017	07:59:04	"Air"	0.550	1773.8365	477.888	""	36.5	"Nitrous Oxide"	1.583	61.7020	12.051	""	28.0
ogECD170405a64.CHR	04/06/2017	08:02:44	"Air"	0.533	963.4205	319.730	""	38.5	"Nitrous Oxide"	1.583	42.4485	8.235	""	26.5
ogECD170405a65.CHR	04/06/2017	08:06:26	"Air"	0.525	287.5830	133.126	""	52.0	"Nitrous Oxide"	1.583	55.7210	10.758	""	26.0
ogECD170405a66.CHR	04/06/2017	08:10:01	"Air"	0.533	613.6030	235.200	""	44.5	"Nitrous Oxide"	1.583	64.0160	12.417	""	26.0
ogECD170405a67.CHR	04/06/2017	08:13:38	"Air"	0.541	1383.1440	406.269	""	51.0	"Nitrous Oxide"	1.583	73.9320	14.290	""	29.0
ogECD170405a68.CHR	04/06/2017	08:17:13	"Air"	0.533	660.2910	250.099	""	51.0	"Nitrous Oxide"	1.583	54.6340	10.680	""	25.5
ogECD170405a69.CHR	04/06/2017	08:25:38	"Air"	0.533	615.0980	235.998	""	39.0	"Nitrous Oxide"	1.583	68.9900	13.418	""	29.5
ogECD170405a70.CHR	04/06/2017	08:28:50	"Air"	0.550	1997.8810	509.856	""	51.0	"Nitrous Oxide"	1.583	50.4270	9.846	""	28.0
ogECD170405a71.CHR	04/06/2017	08:34:13	"Air"	0.533	922.0310	306.883	""	31.5	"Nitrous Oxide"	1.583	160.5200	30.998	""	33.0
ogECD170405a72.CHR	04/06/2017	08:37:28	"Air"	0.550	1646.6730	451.597	""	45.5	"Nitrous Oxide"	1.583	146.1440	28.250	""	36.5
ogECD170405a73.CHR	04/06/2017	08:40:50	"Air"	0.541	908.2230	309.002	""	35.0	"Nitrous Oxide"	1.583	215.4690	41.543	""	35.5
ogECD170405a74.CHR	04/06/2017	08:44:25	"Air"	0.541	762.6270	277.111	""	51.0	"Nitrous Oxide"	1.591	116.3080	22.558	""	30.5
ogECD170405a75.CHR	04/06/2017	08:50:35	"Air"	0.541	897.1840	305.998	""	50.5	"Nitrous Oxide"	1.583	136.5790	26.452	""	32.0
ogECD170405a76.CHR	04/06/2017	08:54:55	"Air"	0.525	246.9490	118.238	""	51.5	"Nitrous Oxide"	1.583	56.1380	10.821	""	30.5
ogECD170405a77.CHR	04/06/2017	08:57:58	"Air"	0.550	1177.4995	364.707	""	50.5	"Nitrous Oxide"	1.591	149.6455	28.901	""	31.5
ogECD170405a78.CHR	04/06/2017	09:01:15	"Air"	0.541	723.5550	267.642	""	51.0	"Nitrous Oxide"	1.591	126.9220	24.506	""	27.5
ogECD170405a79.CHR	04/06/2017	09:04:57	"Air"	0.533	681.5910	256.355	""	40.0	"Nitrous Oxide"	1.583	141.8100	27.511	""	34.0
ogECD170405a80.CHR	04/06/2017	09:08:45	"Air"	0.541	1333.4430	395.007	""	39.5	"Nitrous Oxide"	1.583	135.3445	26.125	""	31.5
ogECD170405a81.CHR	04/06/2017	09:12:12	"Air"	0.550	1877.7545	487.381	""	51.5	"Nitrous Oxide"	1.583	78.2545	15.174	""	30.5
ogECD170405a82.CHR	04/06/2017	09:15:35	"Air"	0.541	1005.0290	328.692	""	30.5	"Nitrous Oxide"	1.583	127.1540	24.581	""	29.5
ogECD170405a83.CHR	04/06/2017	09:19:16	"Air"	0.550	1872.2010	480.346	""	51.0	"Nitrous Oxide"	1.583	94.3025	18.063	""	36.5
ogECD170405a84.CHR	04/06/2017	09:22:56	"Air"	0.533	814.9520	283.440	""	51.0	"Nitrous Oxide"	1.583	83.6980	16.297	""	26.5
ogECD170405a85.CHR	04/06/2017	09:26:50	"Air"	0.541	1059.8650	343.699	""	50.5	"Nitrous Oxide"	1.583	90.7630	17.663	""	34.0
ogECD170405a86.CHR	04/06/2017	09:31:04	"Air"	0.541	1303.8820	391.996	""	34.0	"Nitrous Oxide"	1.583	95.6480	18.610	""	24.5
ogECD170405a87.CHR	04/06/2017	09:36:15	"Air"	0.533	338.2620	146.669	""	51.0	"Nitrous Oxide"	1.591	56.0400	10.773	""	27.0
