ogTCD170405a.CHR	00/00/0000	00:00:00
ogTCD170405a01.CHR	04/05/2017	09:49:33	"Air"	0.408	5284.5345	1585.003	""	68.0	"Carbon dioxide"	1.150	0.7490	0.000	""	5.0	"Carbon dioxide"	1.275	1.5905	0.576	""	8.5
ogTCD170405a02.CHR	04/05/2017	09:55:10	"Air"	0.408	5296.1880	1592.743	""	69.5	"Carbon dioxide"	1.158	0.4105	0.000	""	4.5	"Carbon dioxide"	1.275	1.6660	0.600	""	8.0
ogTCD170405a03.CHR	04/05/2017	10:07:05	"Air"	0.408	5295.2763	1581.519	""	67.5	"Carbon dioxide"	1.141	0.7410	0.000	""	6.0	"Carbon dioxide"	1.275	1.6950	0.617	""	8.0
ogTCD170405a04.CHR	04/05/2017	10:38:22	"Air"	0.416	5342.3263	1595.808	""	67.5	"Carbon dioxide"	1.175	0.3935	0.105	""	4.5	"Carbon dioxide"	1.283	1.9750	0.704	""	8.0	"Carbon dioxide"	1.616	0.0515	0.008	""	2.5
ogTCD170405a05.CHR	04/05/2017	10:42:48	"Air"	0.416	5343.1340	1604.118	""	68.0	"Carbon dioxide"	1.158	0.4600	0.087	""	5.5	"Carbon dioxide"	1.283	1.9980	0.732	""	9.0
ogTCD170405a06.CHR	04/05/2017	11:07:15	"Air"	0.458	6043.9190	1653.138	""	76.0	"Carbon dioxide"	1.325	3.4208	0.827	""	8.0
ogTCD170405a07.CHR	04/05/2017	11:12:03	"Air"	0.466	6025.4797	1666.032	""	69.0	"Carbon dioxide"	1.325	3.5568	0.865	""	9.5
ogTCD170405a08.CHR	04/05/2017	11:23:40	"Air"	0.458	6073.2330	1664.787	""	76.0	"Carbon dioxide"	1.325	3.6237	0.869	""	8.5
ogTCD170405a09.CHR	04/05/2017	11:28:35	"Air"	0.466	6045.2275	1669.466	""	75.5	"Carbon dioxide"	1.325	3.2998	0.884	""	8.5
ogTCD170405a10.CHR	04/05/2017	11:32:00	"Air"	0.466	6056.3000	1670.441	""	69.5	"Carbon dioxide"	1.325	3.5455	0.904	""	9.5
ogTCD170405a11.CHR	04/05/2017	11:38:04	"Air"	0.408	5298.0038	1588.047	""	69.5	"Carbon dioxide"	1.158	0.3630	0.000	""	4.5	"Carbon dioxide"	1.275	2.1760	0.796	""	9.0
ogTCD170405a12.CHR	04/05/2017	11:42:13	"Air"	0.408	5286.6275	1591.595	""	67.5	"Carbon dioxide"	1.141	0.9050	0.000	""	5.5	"Carbon dioxide"	1.275	2.2310	0.801	""	8.5
ogTCD170405a13.CHR	04/05/2017	11:48:19	"Air"	0.408	5276.6195	1580.796	""	69.0	"Carbon dioxide"	1.158	0.5650	0.093	""	5.0	"Carbon dioxide"	1.275	2.1690	0.795	""	8.5
ogTCD170405a14.CHR	04/05/2017	11:54:17	"Air"	0.408	5277.5450	1589.571	""	67.5	"Carbon dioxide"	1.141	0.9355	0.000	""	5.5	"Carbon dioxide"	1.275	2.2200	0.800	""	9.0
ogTCD170405a15.CHR	04/05/2017	12:08:10	"Air"	0.408	5126.1568	1542.840	""	68.0	"Carbon dioxide"	1.158	0.5470	0.091	""	5.0	"Carbon dioxide"	1.275	2.3645	0.870	""	8.5
ogTCD170405a16.CHR	04/05/2017	12:12:10	"Air"	0.408	5116.7780	1545.589	""	68.0	"Carbon dioxide"	1.141	0.7360	0.000	""	5.0	"Carbon dioxide"	1.275	3.1380	1.091	""	8.5
ogTCD170405a17.CHR	04/05/2017	12:15:52	"Air"	0.408	5116.4210	1529.425	""	67.5	"Carbon dioxide"	1.141	0.9640	0.000	""	5.5	"Carbon dioxide"	1.275	3.0915	1.093	""	8.5
ogTCD170405a18.CHR	04/05/2017	12:19:59	"Air"	0.408	5119.0995	1546.339	""	74.0	"Carbon dioxide"	1.275	2.5285	0.920	""	8.5
ogTCD170405a19.CHR	04/05/2017	12:24:24	"Air"	0.408	5115.8440	1540.589	""	68.0	"Carbon dioxide"	1.141	0.9270	0.000	""	5.5	"Carbon dioxide"	1.275	2.9730	1.072	""	9.0
ogTCD170405a20.CHR	04/05/2017	12:28:01	"Air"	0.408	5106.3915	1537.891	""	68.5	"Carbon dioxide"	1.150	0.7425	0.083	""	5.5	"Carbon dioxide"	1.275	3.2740	1.179	""	8.5
ogTCD170405a21.CHR	04/05/2017	12:31:56	"Air"	0.408	4916.5380	1501.878	""	68.5	"Carbon dioxide"	1.158	0.4230	0.000	""	4.5	"Carbon dioxide"	1.275	2.4755	0.911	""	8.5
ogTCD170405a22.CHR	04/05/2017	12:35:47	"Air"	0.408	4916.4770	1490.524	""	74.0	"Carbon dioxide"	1.275	2.8310	1.026	""	8.5
ogTCD170405a23.CHR	04/05/2017	12:39:28	"Air"	0.416	4928.8875	1497.496	""	67.0	"Carbon dioxide"	1.141	0.8940	0.000	""	5.5	"Carbon dioxide"	1.283	3.1300	1.098	""	9.0
ogTCD170405a24.CHR	04/05/2017	12:43:11	"Air"	0.408	4932.5950	1497.326	""	68.5	"Carbon dioxide"	1.158	0.4440	0.000	""	4.5	"Carbon dioxide"	1.275	2.6820	0.981	""	8.5
ogTCD170405a25.CHR	04/05/2017	12:46:28	"Air"	0.408	5253.3470	1578.234	""	67.5	"Carbon dioxide"	1.166	0.3610	0.105	""	4.5	"Carbon dioxide"	1.275	2.3850	0.838	""	8.5
ogTCD170405a26.CHR	04/05/2017	12:49:57	"Air"	0.408	4926.3630	1501.306	""	68.5	"Carbon dioxide"	1.141	0.7700	0.000	""	5.5	"Carbon dioxide"	1.275	3.0785	1.125	""	8.5
ogTCD170405a27.CHR	04/05/2017	12:53:37	"Air"	0.408	4924.3700	1497.729	""	68.5	"Carbon dioxide"	1.158	0.4255	0.000	""	4.5	"Carbon dioxide"	1.275	3.5580	1.296	""	9.0	"Carbon dioxide"	1.441	0.0680	0.019	""	7.0
ogTCD170405a28.CHR	04/05/2017	13:22:01	"Air"	0.408	4931.5290	1504.847	""	73.5	"Carbon dioxide"	1.275	2.8920	1.059	""	8.5
ogTCD170405a29.CHR	04/05/2017	13:25:35	"Air"	0.408	4931.6363	1492.096	""	68.0	"Carbon dioxide"	1.141	0.9405	0.000	""	5.5	"Carbon dioxide"	1.275	3.1720	1.146	""	9.0
ogTCD170405a30.CHR	04/05/2017	13:30:03	"Air"	0.408	5011.5590	1496.028	""	68.5	"Carbon dioxide"	1.158	0.6280	0.092	""	5.0	"Carbon dioxide"	1.275	2.7595	1.004	""	8.5
ogTCD170405a31.CHR	04/05/2017	13:33:21	"Air"	0.408	4931.8612	1501.823	""	68.5	"Carbon dioxide"	1.141	0.9175	0.000	""	5.5	"Carbon dioxide"	1.275	2.9210	1.063	""	9.0
ogTCD170405a32.CHR	04/05/2017	13:37:06	"Air"	0.408	4924.6890	1501.697	""	67.5	"Carbon dioxide"	1.158	0.2695	0.000	""	4.5	"Carbon dioxide"	1.275	3.1410	1.165	""	9.0	"Carbon dioxide"	1.441	0.0513	0.016	""	5.0
ogTCD170405a33.CHR	04/05/2017	13:40:08	"Air"	0.408	4940.8775	1502.172	""	68.5	"Carbon dioxide"	1.166	0.3595	0.100	""	4.5	"Carbon dioxide"	1.275	3.5340	1.275	""	8.0	"Carbon dioxide"	1.433	0.0510	0.017	""	6.0
ogTCD170405a34.CHR	04/05/2017	14:49:07	"Air"	0.408	4939.0963	1502.855	""	68.5	"Carbon dioxide"	1.158	0.3910	0.000	""	4.5	"Carbon dioxide"	1.275	3.1970	1.158	""	9.0
ogTCD170405a35.CHR	04/05/2017	14:52:30	"Air"	0.408	4938.6735	1493.712	""	68.0	"Carbon dioxide"	1.158	0.6960	0.093	""	5.0	"Carbon dioxide"	1.275	3.6290	1.295	""	9.0
ogTCD170405a36.CHR	04/05/2017	14:55:57	"Air"	0.408	5252.8910	1562.492	""	68.0	"Carbon dioxide"	1.150	0.6150	0.000	""	5.0	"Carbon dioxide"	1.283	2.5520	0.882	""	8.5
ogTCD170405a37.CHR	04/05/2017	14:59:34	"Air"	0.408	4961.3820	1494.884	""	69.0	"Carbon dioxide"	1.150	0.6250	0.000	""	5.0	"Carbon dioxide"	1.275	3.6980	1.321	""	9.0
ogTCD170405a38.CHR	04/05/2017	15:03:09	"Air"	0.408	4986.3350	1481.194	""	68.5	"Carbon dioxide"	1.158	0.5455	0.000	""	4.5	"Carbon dioxide"	1.275	2.5790	0.909	""	9.0
ogTCD170405a39.CHR	04/05/2017	15:06:11	"Air"	0.408	4950.4355	1504.420	""	74.0	"Carbon dioxide"	1.275	3.1640	1.151	""	9.0
ogTCD170405a40.CHR	04/05/2017	15:10:56	"Air"	0.408	4962.4528	1491.650	""	68.0	"Carbon dioxide"	1.150	0.9130	0.087	""	5.5	"Carbon dioxide"	1.275	3.3995	1.217	""	9.5
ogTCD170405a41.CHR	04/05/2017	15:14:13	"Air"	0.416	4954.5870	1483.541	""	69.5	"Carbon dioxide"	1.166	0.3490	0.096	""	5.0	"Carbon dioxide"	1.283	3.3050	1.175	""	9.0
ogTCD170405a42.CHR	04/05/2017	15:17:43	"Air"	0.408	4949.0620	1503.288	""	68.5	"Carbon dioxide"	1.158	0.5810	0.092	""	5.0	"Carbon dioxide"	1.275	3.6510	1.312	""	9.0
ogTCD170405a43.CHR	04/05/2017	15:20:34	"Air"	0.408	5017.6380	1485.913	""	69.5	"Carbon dioxide"	1.166	0.4815	0.106	""	4.5	"Carbon dioxide"	1.275	3.0570	1.076	""	9.0
ogTCD170405a44.CHR	04/05/2017	15:23:42	"Air"	0.408	4985.6230	1484.398	""	68.0	"Carbon dioxide"	1.166	0.5260	0.102	""	4.5	"Carbon dioxide"	1.275	4.0220	1.404	""	9.0	"Carbon dioxide"	1.433	0.1470	0.038	""	7.5
ogTCD170405a45.CHR	04/05/2017	15:26:45	"Air"	0.408	4956.8645	1507.307	""	68.0	"Carbon dioxide"	1.150	0.4105	0.000	""	4.5	"Carbon dioxide"	1.275	5.0340	1.739	""	9.0	"Carbon dioxide"	1.433	0.1680	0.054	""	7.0
ogTCD170405a46.CHR	04/05/2017	15:30:39	"Air"	0.408	4944.9770	1496.099	""	68.0	"Carbon dioxide"	1.158	0.5960	0.090	""	5.0	"Carbon dioxide"	1.275	5.5630	1.952	""	9.0	"Carbon dioxide"	1.441	0.1920	0.061	""	7.0
ogTCD170405a47.CHR	04/05/2017	15:33:21	"Air"	0.408	5274.3207	1576.902	""	73.0	"Carbon dioxide"	1.283	2.5920	0.900	""	8.5
ogTCD170405a48.CHR	04/05/2017	15:36:20	"Air"	0.408	4962.7738	1509.226	""	69.0	"Carbon dioxide"	1.166	0.3730	0.104	""	4.5	"Carbon dioxide"	1.275	2.6910	0.981	""	9.0
ogTCD170405a49.CHR	04/05/2017	15:39:14	"Air"	0.408	4953.6280	1502.786	""	68.0	"Carbon dioxide"	1.150	0.6550	0.000	""	5.0	"Carbon dioxide"	1.275	3.2310	1.151	""	9.0
ogTCD170405a50.CHR	04/05/2017	15:42:13	"Air"	0.408	4979.6145	1484.581	""	74.0	"Carbon dioxide"	1.275	3.4440	1.194	""	8.5
ogTCD170405a51.CHR	04/05/2017	15:55:16	"Air"	0.408	5275.5468	1561.960	""	68.5	"Carbon dioxide"	1.166	0.4195	0.107	""	4.5	"Carbon dioxide"	1.283	2.5500	0.892	""	9.0
ogTCD170405a52.CHR	04/06/2017	07:14:36	"Air"	0.408	5366.3255	1600.674	""	73.5	"Carbon dioxide"	1.283	2.3410	0.837	""	8.5
ogTCD170405a53.CHR	04/06/2017	07:19:16	"Air"	0.408	5890.1888	1719.634	""	69.0	"Carbon dioxide"	1.166	0.3510	0.096	""	5.0	"Carbon dioxide"	1.283	2.6410	0.917	""	8.0
ogTCD170405a54.CHR	04/06/2017	07:23:24	"Air"	0.408	5364.5010	1603.223	""	69.5	"Carbon dioxide"	1.158	0.4900	0.000	""	4.5	"Carbon dioxide"	1.283	2.4250	0.861	""	8.5
ogTCD170405a55.CHR	04/06/2017	07:27:43	"Air"	0.416	5365.5900	1591.886	""	74.5	"Carbon dioxide"	1.291	2.6410	0.903	""	9.0
ogTCD170405a56.CHR	04/06/2017	07:32:31	"Air"	0.416	5368.6345	1605.952	""	67.5	"Carbon dioxide"	1.150	0.7520	0.084	""	6.0	"Carbon dioxide"	1.291	2.6300	0.895	""	8.5
ogTCD170405a57.CHR	04/06/2017	07:36:42	"Air"	0.408	5364.6820	1595.572	""	68.5	"Carbon dioxide"	1.150	0.5245	0.000	""	5.5	"Carbon dioxide"	1.283	2.5360	0.893	""	8.5
ogTCD170405a58.CHR	04/06/2017	07:41:38	"Air"	0.408	5062.7847	1515.416	""	67.5	"Carbon dioxide"	1.150	0.9230	0.091	""	5.5	"Carbon dioxide"	1.283	2.7060	0.949	""	9.0
ogTCD170405a59.CHR	04/06/2017	07:45:32	"Air"	0.408	5019.5690	1503.748	""	68.5	"Carbon dioxide"	1.141	0.9690	0.000	""	5.5	"Carbon dioxide"	1.283	3.3840	1.188	""	9.5
ogTCD170405a60.CHR	04/06/2017	07:49:00	"Air"	0.416	5000.9800	1491.796	""	67.5	"Carbon dioxide"	1.141	1.0230	0.000	""	5.5	"Carbon dioxide"	1.283	3.9590	1.388	""	9.0	"Carbon dioxide"	1.450	0.0515	0.016	""	6.5
ogTCD170405a61.CHR	04/06/2017	07:52:41	"Air"	0.408	5026.1475	1518.192	""	68.5	"Carbon dioxide"	1.150	0.7010	0.000	""	5.0	"Carbon dioxide"	1.283	2.7720	0.973	""	9.0
ogTCD170405a62.CHR	04/06/2017	07:55:56	"Air"	0.416	5018.9745	1504.826	""	67.0	"Carbon dioxide"	1.141	0.8050	0.000	""	6.0	"Carbon dioxide"	1.291	3.2260	1.106	""	9.0
ogTCD170405a63.CHR	04/06/2017	07:59:04	"Air"	0.416	5086.2130	1498.806	""	68.5	"Carbon dioxide"	1.150	0.8100	0.080	""	6.0	"Carbon dioxide"	1.283	2.7345	0.978	""	8.5
ogTCD170405a64.CHR	04/06/2017	08:02:44	"Air"	0.408	5045.5095	1515.946	""	74.0	"Carbon dioxide"	1.283	3.3730	1.179	""	9.0
ogTCD170405a65.CHR	04/06/2017	08:06:26	"Air"	0.408	5340.0615	1590.634	""	69.5	"Carbon dioxide"	1.158	0.2660	0.000	""	5.0	"Carbon dioxide"	1.283	2.5150	0.884	""	8.0
ogTCD170405a66.CHR	04/06/2017	08:10:01	"Air"	0.416	5026.4243	1500.648	""	67.5	"Carbon dioxide"	1.158	0.5895	0.000	""	4.5	"Carbon dioxide"	1.283	4.1610	1.448	""	9.0
ogTCD170405a67.CHR	04/06/2017	08:13:38	"Air"	0.408	5057.7755	1506.562	""	68.0	"Carbon dioxide"	1.141	0.4710	0.000	""	5.5	"Carbon dioxide"	1.275	4.2360	1.449	""	10.0
ogTCD170405a68.CHR	04/06/2017	08:17:13	"Air"	0.408	5013.7783	1499.859	""	68.0	"Carbon dioxide"	1.150	0.7250	0.081	""	6.0	"Carbon dioxide"	1.283	2.5690	0.937	""	8.5
ogTCD170405a69.CHR	04/06/2017	08:25:38	"Air"	0.408	5008.7660	1504.035	""	73.0	"Carbon dioxide"	1.283	3.1940	1.120	""	9.0
ogTCD170405a70.CHR	04/06/2017	08:28:50	"Air"	0.416	5096.0262	1497.483	""	73.5	"Carbon dioxide"	1.283	2.4170	0.867	""	9.0
ogTCD170405a71.CHR	04/06/2017	08:34:13	"Air"	0.408	5038.7307	1510.690	""	68.0	"Carbon dioxide"	1.141	0.9150	0.000	""	5.5	"Carbon dioxide"	1.283	3.5380	1.240	""	9.5	"Carbon dioxide"	1.458	0.0680	0.020	""	7.0
ogTCD170405a72.CHR	04/06/2017	08:37:28	"Air"	0.416	5068.0273	1490.584	""	68.5	"Carbon dioxide"	1.158	0.5450	0.000	""	4.5	"Carbon dioxide"	1.283	4.0910	1.425	""	9.0	"Carbon dioxide"	1.441	0.0565	0.020	""	6.5
ogTCD170405a73.CHR	04/06/2017	08:40:50	"Air"	0.416	5022.8075	1501.280	""	67.5	"Carbon dioxide"	1.141	0.8595	0.000	""	5.5	"Carbon dioxide"	1.283	4.6930	1.624	""	9.0	"Carbon dioxide"	1.450	0.0820	0.027	""	6.0
ogTCD170405a74.CHR	04/06/2017	08:44:25	"Air"	0.416	5027.4770	1511.534	""	69.0	"Carbon dioxide"	1.166	0.2760	0.097	""	5.0	"Carbon dioxide"	1.283	3.8650	1.329	""	9.5
ogTCD170405a75.CHR	04/06/2017	08:50:35	"Air"	0.416	5031.2335	1504.566	""	67.5	"Carbon dioxide"	1.141	0.8675	0.000	""	5.5	"Carbon dioxide"	1.283	4.3410	1.502	""	9.0
ogTCD170405a76.CHR	04/06/2017	08:54:55	"Air"	0.408	5336.4480	1594.320	""	68.0	"Carbon dioxide"	1.141	0.6880	0.000	""	6.0	"Carbon dioxide"	1.283	2.5390	0.896	""	8.0
ogTCD170405a77.CHR	04/06/2017	08:57:58	"Air"	0.425	5039.3990	1491.388	""	67.5	"Carbon dioxide"	1.141	0.8030	0.000	""	6.0	"Carbon dioxide"	1.291	4.5265	1.545	""	9.5
ogTCD170405a78.CHR	04/06/2017	09:01:15	"Air"	0.416	5082.4330	1533.346	""	68.5	"Carbon dioxide"	1.158	0.4190	0.089	""	5.5	"Carbon dioxide"	1.283	3.2400	1.125	""	8.5
ogTCD170405a79.CHR	04/06/2017	09:04:57	"Air"	0.408	5074.1550	1523.287	""	67.5	"Carbon dioxide"	1.141	0.9490	0.000	""	5.5	"Carbon dioxide"	1.283	3.6760	1.284	""	9.5
ogTCD170405a80.CHR	04/06/2017	09:08:45	"Air"	0.416	5089.8742	1505.790	""	67.5	"Carbon dioxide"	1.141	1.0545	0.000	""	5.5	"Carbon dioxide"	1.283	3.6750	1.279	""	9.0
ogTCD170405a81.CHR	04/06/2017	09:12:12	"Air"	0.408	5178.3405	1526.977	""	67.5	"Carbon dioxide"	1.166	0.4465	0.108	""	4.5	"Carbon dioxide"	1.283	2.4850	0.872	""	8.5
ogTCD170405a82.CHR	04/06/2017	09:15:35	"Air"	0.408	5137.9790	1528.379	""	68.5	"Carbon dioxide"	1.158	0.7290	0.097	""	5.0	"Carbon dioxide"	1.283	3.8280	1.336	""	9.5
ogTCD170405a83.CHR	04/06/2017	09:19:16	"Air"	0.416	5140.5585	1510.234	""	68.5	"Carbon dioxide"	1.141	0.6560	0.000	""	5.5	"Carbon dioxide"	1.283	3.1280	1.076	""	9.0
ogTCD170405a84.CHR	04/06/2017	09:22:56	"Air"	0.408	5020.8930	1512.146	""	68.0	"Carbon dioxide"	1.150	0.9210	0.088	""	5.5	"Carbon dioxide"	1.283	3.0670	1.073	""	9.0
ogTCD170405a85.CHR	04/06/2017	09:26:50	"Air"	0.408	5023.2428	1492.766	""	74.0	"Carbon dioxide"	1.275	3.4360	1.179	""	9.5
ogTCD170405a86.CHR	04/06/2017	09:31:04	"Air"	0.408	5025.7275	1508.605	""	68.5	"Carbon dioxide"	1.166	0.3860	0.106	""	4.5	"Carbon dioxide"	1.283	3.5940	1.245	""	9.5
ogTCD170405a87.CHR	04/06/2017	09:36:15	"Air"	0.408	5326.5360	1587.077	""	69.0	"Carbon dioxide"	1.150	0.7640	0.000	""	5.0	"Carbon dioxide"	1.283	2.5840	0.911	""	9.0
